<?xml version="1.0" encoding="UTF-8"?>
<testng-results ignored="0" total="1" passed="1" failed="0" skipped="0">
  <reporter-output>
  </reporter-output>
  <suite started-at="2023-03-24T20:23:23 EDT" name="Default suite" finished-at="2023-03-24T20:23:23 EDT" duration-ms="43">
    <groups>
    </groups>
    <test started-at="2023-03-24T20:23:23 EDT" name="Default test" finished-at="2023-03-24T20:23:23 EDT" duration-ms="43">
      <class name="jptestpkg.Parameters">
        <test-method signature="m1()[pri:0, instance:jptestpkg.Parameters@3f197a46]" started-at="2023-03-24T20:23:23 EDT" name="m1" finished-at="2023-03-24T20:23:23 EDT" duration-ms="11" status="PASS">
          <reporter-output>
          </reporter-output>
        </test-method> <!-- m1 -->
      </class> <!-- jptestpkg.Parameters -->
    </test> <!-- Default test -->
  </suite> <!-- Default suite -->
</testng-results>
